This file contains any messages produced by compilers while
running configure, to aid debugging if configure makes a mistake.

It was created by TestU01 configure 1.2.3, which was
generated by GNU Autoconf 2.61.  Invocation command line was

  $ ./configure --prefix=/home/mw223/Desktop/apprng/APPRNG/stats_tests/TestU01-1.2.3/build --no-create --no-recursion

## --------- ##
## Platform. ##
## --------- ##

hostname = mw223-MacBookPro
uname -m = x86_64
uname -r = 4.10.0-28-generic
uname -s = Linux
uname -v = #32-Ubuntu SMP Fri Jun 30 05:32:18 UTC 2017

/usr/bin/uname -p = unknown
/bin/uname -X     = unknown

/bin/arch              = unknown
/usr/bin/arch -k       = unknown
/usr/convex/getsysinfo = unknown
/usr/bin/hostinfo      = unknown
/bin/machine           = unknown
/usr/bin/oslevel       = unknown
/bin/universe          = unknown

PATH: /usr/local/sbin
PATH: /usr/local/bin
PATH: /usr/sbin
PATH: /usr/bin
PATH: /sbin
PATH: /bin
PATH: /usr/games
PATH: /usr/local/games
PATH: /snap/bin


## ----------- ##
## Core tests. ##
## ----------- ##

configure:1982: checking for a BSD-compatible install
configure:2038: result: /usr/bin/install -c
configure:2049: checking whether build environment is sane
configure:2092: result: yes
configure:2120: checking for a thread-safe mkdir -p
configure:2159: result: /bin/mkdir -p
configure:2172: checking for gawk
configure:2202: result: no
configure:2172: checking for mawk
configure:2188: found /usr/bin/mawk
configure:2199: result: mawk
configure:2210: checking whether make sets $(MAKE)
configure:2231: result: yes
configure:2430: checking build system type
configure:2448: result: x86_64-unknown-linux-gnu
configure:2470: checking host system type
configure:2485: result: x86_64-unknown-linux-gnu
configure:2557: checking for gcc
configure:2573: found /usr/bin/gcc
configure:2584: result: gcc
configure:2822: checking for C compiler version
configure:2829: gcc --version >&5
gcc (Ubuntu 6.3.0-12ubuntu2) 6.3.0 20170406
Copyright (C) 2016 Free Software Foundation, Inc.
This is free software; see the source for copying conditions.  There is NO
warranty; not even for MERCHANTABILITY or FITNESS FOR A PARTICULAR PURPOSE.

configure:2832: $? = 0
configure:2839: gcc -v >&5
Using built-in specs.
COLLECT_GCC=gcc
COLLECT_LTO_WRAPPER=/usr/lib/gcc/x86_64-linux-gnu/6/lto-wrapper
Target: x86_64-linux-gnu
Configured with: ../src/configure -v --with-pkgversion='Ubuntu 6.3.0-12ubuntu2' --with-bugurl=file:///usr/share/doc/gcc-6/README.Bugs --enable-languages=c,ada,c++,java,go,d,fortran,objc,obj-c++ --prefix=/usr --program-suffix=-6 --program-prefix=x86_64-linux-gnu- --enable-shared --enable-linker-build-id --libexecdir=/usr/lib --without-included-gettext --enable-threads=posix --libdir=/usr/lib --enable-nls --with-sysroot=/ --enable-clocale=gnu --enable-libstdcxx-debug --enable-libstdcxx-time=yes --with-default-libstdcxx-abi=new --enable-gnu-unique-object --disable-vtable-verify --enable-libmpx --enable-plugin --enable-default-pie --with-system-zlib --disable-browser-plugin --enable-java-awt=gtk --enable-gtk-cairo --with-java-home=/usr/lib/jvm/java-1.5.0-gcj-6-amd64/jre --enable-java-home --with-jvm-root-dir=/usr/lib/jvm/java-1.5.0-gcj-6-amd64 --with-jvm-jar-dir=/usr/lib/jvm-exports/java-1.5.0-gcj-6-amd64 --with-arch-directory=amd64 --with-ecj-jar=/usr/share/java/eclipse-ecj.jar --with-target-system-zlib --enable-objc-gc=auto --enable-multiarch --disable-werror --with-arch-32=i686 --with-abi=m64 --with-multilib-list=m32,m64,mx32 --enable-multilib --with-tune=generic --enable-checking=release --build=x86_64-linux-gnu --host=x86_64-linux-gnu --target=x86_64-linux-gnu
Thread model: posix
gcc version 6.3.0 20170406 (Ubuntu 6.3.0-12ubuntu2) 
configure:2842: $? = 0
configure:2849: gcc -V >&5
gcc: error: unrecognized command line option '-V'
gcc: fatal error: no input files
compilation terminated.
configure:2852: $? = 1
configure:2875: checking for C compiler default output file name
configure:2902: gcc    conftest.c  >&5
configure:2905: $? = 0
configure:2943: result: a.out
configure:2960: checking whether the C compiler works
configure:2970: ./a.out
configure:2973: $? = 0
configure:2990: result: yes
configure:2997: checking whether we are cross compiling
configure:2999: result: no
configure:3002: checking for suffix of executables
configure:3009: gcc -o conftest    conftest.c  >&5
configure:3012: $? = 0
configure:3036: result: 
configure:3042: checking for suffix of object files
configure:3068: gcc -c   conftest.c >&5
configure:3071: $? = 0
configure:3094: result: o
configure:3098: checking whether we are using the GNU C compiler
configure:3127: gcc -c   conftest.c >&5
configure:3133: $? = 0
configure:3150: result: yes
configure:3155: checking whether gcc accepts -g
configure:3185: gcc -c -g  conftest.c >&5
configure:3191: $? = 0
configure:3290: result: yes
configure:3307: checking for gcc option to accept ISO C89
configure:3381: gcc  -c -g -O2  conftest.c >&5
configure:3387: $? = 0
configure:3410: result: none needed
configure:3439: checking for style of include used by make
configure:3467: result: GNU
configure:3492: checking dependency style of gcc
configure:3583: result: gcc3
configure:3603: checking how to run the C preprocessor
configure:3643: gcc -E  conftest.c
configure:3649: $? = 0
configure:3680: gcc -E  conftest.c
conftest.c:10:28: fatal error: ac_nonexistent.h: No such file or directory
 #include <ac_nonexistent.h>
                            ^
compilation terminated.
configure:3686: $? = 1
configure: failed program was:
| /* confdefs.h.  */
| #define PACKAGE_NAME "TestU01"
| #define PACKAGE_TARNAME "testu01"
| #define PACKAGE_VERSION "1.2.3"
| #define PACKAGE_STRING "TestU01 1.2.3"
| #define PACKAGE_BUGREPORT "lecuyer@iro.umontreal.ca"
| #define PACKAGE "testu01"
| #define VERSION "1.2.3"
| /* end confdefs.h.  */
| #include <ac_nonexistent.h>
configure:3719: result: gcc -E
configure:3748: gcc -E  conftest.c
configure:3754: $? = 0
configure:3785: gcc -E  conftest.c
conftest.c:10:28: fatal error: ac_nonexistent.h: No such file or directory
 #include <ac_nonexistent.h>
                            ^
compilation terminated.
configure:3791: $? = 1
configure: failed program was:
| /* confdefs.h.  */
| #define PACKAGE_NAME "TestU01"
| #define PACKAGE_TARNAME "testu01"
| #define PACKAGE_VERSION "1.2.3"
| #define PACKAGE_STRING "TestU01 1.2.3"
| #define PACKAGE_BUGREPORT "lecuyer@iro.umontreal.ca"
| #define PACKAGE "testu01"
| #define VERSION "1.2.3"
| /* end confdefs.h.  */
| #include <ac_nonexistent.h>
configure:3841: checking for a BSD-compatible install
configure:3897: result: /usr/bin/install -c
configure:3908: checking whether ln -s works
configure:3912: result: yes
configure:3919: checking whether make sets $(MAKE)
configure:3940: result: yes
configure:4021: checking for a sed that does not truncate output
configure:4077: result: /bin/sed
configure:4080: checking for grep that handles long lines and -e
configure:4154: result: /bin/grep
configure:4159: checking for egrep
configure:4237: result: /bin/grep -E
configure:4253: checking for ld used by gcc
configure:4320: result: /usr/bin/ld
configure:4329: checking if the linker (/usr/bin/ld) is GNU ld
configure:4344: result: yes
configure:4349: checking for /usr/bin/ld option to reload object files
configure:4356: result: -r
configure:4374: checking for BSD-compatible nm
configure:4423: result: /usr/bin/nm -B
configure:4427: checking how to recognise dependent libraries
configure:4603: result: pass_all
configure:4691: gcc -c -g -O2  conftest.c >&5
configure:4694: $? = 0
configure:4833: checking for ANSI C header files
configure:4863: gcc -c -g -O2  conftest.c >&5
configure:4869: $? = 0
configure:4968: gcc -o conftest -g -O2   conftest.c  >&5
configure:4971: $? = 0
configure:4977: ./conftest
configure:4980: $? = 0
configure:4997: result: yes
configure:5021: checking for sys/types.h
configure:5042: gcc -c -g -O2  conftest.c >&5
configure:5048: $? = 0
configure:5064: result: yes
configure:5021: checking for sys/stat.h
configure:5042: gcc -c -g -O2  conftest.c >&5
configure:5048: $? = 0
configure:5064: result: yes
configure:5021: checking for stdlib.h
configure:5042: gcc -c -g -O2  conftest.c >&5
configure:5048: $? = 0
configure:5064: result: yes
configure:5021: checking for string.h
configure:5042: gcc -c -g -O2  conftest.c >&5
configure:5048: $? = 0
configure:5064: result: yes
configure:5021: checking for memory.h
configure:5042: gcc -c -g -O2  conftest.c >&5
configure:5048: $? = 0
configure:5064: result: yes
configure:5021: checking for strings.h
configure:5042: gcc -c -g -O2  conftest.c >&5
configure:5048: $? = 0
configure:5064: result: yes
configure:5021: checking for inttypes.h
configure:5042: gcc -c -g -O2  conftest.c >&5
configure:5048: $? = 0
configure:5064: result: yes
configure:5021: checking for stdint.h
configure:5042: gcc -c -g -O2  conftest.c >&5
configure:5048: $? = 0
configure:5064: result: yes
configure:5021: checking for unistd.h
configure:5042: gcc -c -g -O2  conftest.c >&5
configure:5048: $? = 0
configure:5064: result: yes
configure:5091: checking dlfcn.h usability
configure:5108: gcc -c -g -O2  conftest.c >&5
configure:5114: $? = 0
configure:5128: result: yes
configure:5132: checking dlfcn.h presence
configure:5147: gcc -E  conftest.c
configure:5153: $? = 0
configure:5167: result: yes
configure:5200: checking for dlfcn.h
configure:5208: result: yes
configure:5279: checking for g++
configure:5295: found /usr/bin/g++
configure:5306: result: g++
configure:5337: checking for C++ compiler version
configure:5344: g++ --version >&5
g++ (Ubuntu 6.3.0-12ubuntu2) 6.3.0 20170406
Copyright (C) 2016 Free Software Foundation, Inc.
This is free software; see the source for copying conditions.  There is NO
warranty; not even for MERCHANTABILITY or FITNESS FOR A PARTICULAR PURPOSE.

configure:5347: $? = 0
configure:5354: g++ -v >&5
Using built-in specs.
COLLECT_GCC=g++
COLLECT_LTO_WRAPPER=/usr/lib/gcc/x86_64-linux-gnu/6/lto-wrapper
Target: x86_64-linux-gnu
Configured with: ../src/configure -v --with-pkgversion='Ubuntu 6.3.0-12ubuntu2' --with-bugurl=file:///usr/share/doc/gcc-6/README.Bugs --enable-languages=c,ada,c++,java,go,d,fortran,objc,obj-c++ --prefix=/usr --program-suffix=-6 --program-prefix=x86_64-linux-gnu- --enable-shared --enable-linker-build-id --libexecdir=/usr/lib --without-included-gettext --enable-threads=posix --libdir=/usr/lib --enable-nls --with-sysroot=/ --enable-clocale=gnu --enable-libstdcxx-debug --enable-libstdcxx-time=yes --with-default-libstdcxx-abi=new --enable-gnu-unique-object --disable-vtable-verify --enable-libmpx --enable-plugin --enable-default-pie --with-system-zlib --disable-browser-plugin --enable-java-awt=gtk --enable-gtk-cairo --with-java-home=/usr/lib/jvm/java-1.5.0-gcj-6-amd64/jre --enable-java-home --with-jvm-root-dir=/usr/lib/jvm/java-1.5.0-gcj-6-amd64 --with-jvm-jar-dir=/usr/lib/jvm-exports/java-1.5.0-gcj-6-amd64 --with-arch-directory=amd64 --with-ecj-jar=/usr/share/java/eclipse-ecj.jar --with-target-system-zlib --enable-objc-gc=auto --enable-multiarch --disable-werror --with-arch-32=i686 --with-abi=m64 --with-multilib-list=m32,m64,mx32 --enable-multilib --with-tune=generic --enable-checking=release --build=x86_64-linux-gnu --host=x86_64-linux-gnu --target=x86_64-linux-gnu
Thread model: posix
gcc version 6.3.0 20170406 (Ubuntu 6.3.0-12ubuntu2) 
configure:5357: $? = 0
configure:5364: g++ -V >&5
g++: error: unrecognized command line option '-V'
g++: fatal error: no input files
compilation terminated.
configure:5367: $? = 1
configure:5370: checking whether we are using the GNU C++ compiler
configure:5399: g++ -c   conftest.cpp >&5
configure:5405: $? = 0
configure:5422: result: yes
configure:5427: checking whether g++ accepts -g
configure:5457: g++ -c -g  conftest.cpp >&5
configure:5463: $? = 0
configure:5562: result: yes
configure:5587: checking dependency style of g++
configure:5678: result: gcc3
configure:5703: checking how to run the C++ preprocessor
configure:5739: g++ -E  conftest.cpp
configure:5745: $? = 0
configure:5776: g++ -E  conftest.cpp
conftest.cpp:21:28: fatal error: ac_nonexistent.h: No such file or directory
 #include <ac_nonexistent.h>
                            ^
compilation terminated.
configure:5782: $? = 1
configure: failed program was:
| /* confdefs.h.  */
| #define PACKAGE_NAME "TestU01"
| #define PACKAGE_TARNAME "testu01"
| #define PACKAGE_VERSION "1.2.3"
| #define PACKAGE_STRING "TestU01 1.2.3"
| #define PACKAGE_BUGREPORT "lecuyer@iro.umontreal.ca"
| #define PACKAGE "testu01"
| #define VERSION "1.2.3"
| #define STDC_HEADERS 1
| #define HAVE_SYS_TYPES_H 1
| #define HAVE_SYS_STAT_H 1
| #define HAVE_STDLIB_H 1
| #define HAVE_STRING_H 1
| #define HAVE_MEMORY_H 1
| #define HAVE_STRINGS_H 1
| #define HAVE_INTTYPES_H 1
| #define HAVE_STDINT_H 1
| #define HAVE_UNISTD_H 1
| #define HAVE_DLFCN_H 1
| /* end confdefs.h.  */
| #include <ac_nonexistent.h>
configure:5815: result: g++ -E
configure:5844: g++ -E  conftest.cpp
configure:5850: $? = 0
configure:5881: g++ -E  conftest.cpp
conftest.cpp:21:28: fatal error: ac_nonexistent.h: No such file or directory
 #include <ac_nonexistent.h>
                            ^
compilation terminated.
configure:5887: $? = 1
configure: failed program was:
| /* confdefs.h.  */
| #define PACKAGE_NAME "TestU01"
| #define PACKAGE_TARNAME "testu01"
| #define PACKAGE_VERSION "1.2.3"
| #define PACKAGE_STRING "TestU01 1.2.3"
| #define PACKAGE_BUGREPORT "lecuyer@iro.umontreal.ca"
| #define PACKAGE "testu01"
| #define VERSION "1.2.3"
| #define STDC_HEADERS 1
| #define HAVE_SYS_TYPES_H 1
| #define HAVE_SYS_STAT_H 1
| #define HAVE_STDLIB_H 1
| #define HAVE_STRING_H 1
| #define HAVE_MEMORY_H 1
| #define HAVE_STRINGS_H 1
| #define HAVE_INTTYPES_H 1
| #define HAVE_STDINT_H 1
| #define HAVE_UNISTD_H 1
| #define HAVE_DLFCN_H 1
| /* end confdefs.h.  */
| #include <ac_nonexistent.h>
configure:5980: checking for g77
configure:6010: result: no
configure:5980: checking for xlf
configure:6010: result: no
configure:5980: checking for f77
configure:6010: result: no
configure:5980: checking for frt
configure:6010: result: no
configure:5980: checking for pgf77
configure:6010: result: no
configure:5980: checking for cf77
configure:6010: result: no
configure:5980: checking for fort77
configure:6010: result: no
configure:5980: checking for fl32
configure:6010: result: no
configure:5980: checking for af77
configure:6010: result: no
configure:5980: checking for xlf90
configure:6010: result: no
configure:5980: checking for f90
configure:6010: result: no
configure:5980: checking for pgf90
configure:6010: result: no
configure:5980: checking for pghpf
configure:6010: result: no
configure:5980: checking for epcf90
configure:6010: result: no
configure:5980: checking for gfortran
configure:6010: result: no
configure:5980: checking for g95
configure:6010: result: no
configure:5980: checking for xlf95
configure:6010: result: no
configure:5980: checking for f95
configure:6010: result: no
configure:5980: checking for fort
configure:6010: result: no
configure:5980: checking for ifort
configure:6010: result: no
configure:5980: checking for ifc
configure:6010: result: no
configure:5980: checking for efc
configure:6010: result: no
configure:5980: checking for pgf95
configure:6010: result: no
configure:5980: checking for lf95
configure:6010: result: no
configure:5980: checking for ftn
configure:6010: result: no
configure:6037: checking for Fortran 77 compiler version
configure:6044:  --version >&5
./configure: line 6045: --version: command not found
configure:6047: $? = 127
configure:6054:  -v >&5
./configure: line 6055: -v: command not found
configure:6057: $? = 127
configure:6064:  -V >&5
./configure: line 6065: -V: command not found
configure:6067: $? = 127
configure:6075: checking whether we are using the GNU Fortran 77 compiler
configure:6094:  -c  conftest.F >&5
./configure: line 6095: -c: command not found
configure:6100: $? = 127
configure: failed program was:
|       program main
| #ifndef __GNUC__
|        choke me
| #endif
| 
|       end
configure:6117: result: no
configure:6123: checking whether  accepts -g
configure:6140:  -c -g conftest.f >&5
./configure: line 6141: -c: command not found
configure:6146: $? = 127
configure: failed program was:
|       program main
| 
|       end
configure:6162: result: no
configure:6192: checking the maximum length of command line arguments
configure:6301: result: 32768
configure:6312: checking command to parse /usr/bin/nm -B output from gcc object
configure:6417: gcc -c -g -O2  conftest.c >&5
configure:6420: $? = 0
configure:6424: /usr/bin/nm -B conftest.o \| sed -n -e 's/^.*[ 	]\([ABCDGIRSTW][ABCDGIRSTW]*\)[ 	][ 	]*\([_A-Za-z][_A-Za-z0-9]*\)$/\1 \2 \2/p' \> conftest.nm
configure:6427: $? = 0
configure:6479: gcc -o conftest -g -O2   conftest.c conftstm.o >&5
configure:6482: $? = 0
configure:6520: result: ok
configure:6524: checking for objdir
configure:6539: result: .libs
configure:6631: checking for ar
configure:6647: found /usr/bin/ar
configure:6658: result: ar
configure:6727: checking for ranlib
configure:6743: found /usr/bin/ranlib
configure:6754: result: ranlib
configure:6823: checking for strip
configure:6839: found /usr/bin/strip
configure:6850: result: strip
configure:7136: checking if gcc supports -fno-rtti -fno-exceptions
configure:7154: gcc -c -g -O2  -fno-rtti -fno-exceptions conftest.c >&5
cc1: warning: command line option '-fno-rtti' is valid for C++/ObjC++ but not for C
configure:7158: $? = 0
configure:7171: result: no
configure:7186: checking for gcc option to produce PIC
configure:7396: result: -fPIC
configure:7404: checking if gcc PIC flag -fPIC works
configure:7422: gcc -c -g -O2  -fPIC -DPIC conftest.c >&5
configure:7426: $? = 0
configure:7439: result: yes
configure:7467: checking if gcc static flag -static works
configure:7495: result: yes
configure:7505: checking if gcc supports -c -o file.o
configure:7526: gcc -c -g -O2  -o out/conftest2.o conftest.c >&5
configure:7530: $? = 0
configure:7552: result: yes
configure:7578: checking whether the gcc linker (/usr/bin/ld -m elf_x86_64) supports shared libraries
configure:8532: result: yes
configure:8553: checking whether -lc should be explicitly linked in
configure:8558: gcc -c -g -O2  conftest.c >&5
configure:8561: $? = 0
configure:8576: gcc -shared conftest.o  -v -Wl,-soname -Wl,conftest -o conftest 2\>\&1 \| grep  -lc  \>/dev/null 2\>\&1
configure:8579: $? = 0
configure:8591: result: no
configure:8599: checking dynamic linker characteristics
configure:8992: gcc -c -g -O2  conftest.c >&5
configure:8995: $? = 0
configure:9208: result: GNU/Linux ld.so
configure:9217: checking how to hardcode library paths into programs
configure:9242: result: immediate
configure:9256: checking whether stripping libraries is possible
configure:9261: result: yes
configure:10062: checking if libtool supports shared libraries
configure:10064: result: yes
configure:10067: checking whether to build shared libraries
configure:10088: result: yes
configure:10091: checking whether to build static libraries
configure:10095: result: yes
configure:10187: creating libtool
configure:10775: checking for ld used by g++
configure:10842: result: /usr/bin/ld -m elf_x86_64
configure:10851: checking if the linker (/usr/bin/ld -m elf_x86_64) is GNU ld
configure:10866: result: yes
configure:10917: checking whether the g++ linker (/usr/bin/ld -m elf_x86_64) supports shared libraries
configure:11851: result: yes
configure:11869: g++ -c -g -O2  conftest.cpp >&5
configure:11872: $? = 0
configure:11991: checking for g++ option to produce PIC
configure:12265: result: -fPIC
configure:12273: checking if g++ PIC flag -fPIC works
configure:12291: g++ -c -g -O2  -fPIC -DPIC conftest.cpp >&5
configure:12295: $? = 0
configure:12308: result: yes
configure:12336: checking if g++ static flag -static works
configure:12364: result: yes
configure:12374: checking if g++ supports -c -o file.o
configure:12395: g++ -c -g -O2  -o out/conftest2.o conftest.cpp >&5
configure:12399: $? = 0
configure:12421: result: yes
configure:12447: checking whether the g++ linker (/usr/bin/ld -m elf_x86_64) supports shared libraries
configure:12472: result: yes
configure:12539: checking dynamic linker characteristics
configure:12932: g++ -c -g -O2  conftest.cpp >&5
configure:12935: $? = 0
configure:13148: result: GNU/Linux ld.so
configure:13157: checking how to hardcode library paths into programs
configure:13182: result: immediate
configure:19366: checking for math
configure:19394: result: no
configure:19549: checking for cos in -lm
configure:19584: gcc -o conftest -g -O2   conftest.c -lm   >&5
conftest.c:28:6: warning: conflicting types for built-in function 'cos'
 char cos ();
      ^~~
configure:19590: $? = 0
configure:19608: result: yes
configure:19619: checking for ANSI C header files
configure:19783: result: yes
configure:19812: checking sys/utsname.h usability
configure:19829: gcc -c -g -O2  conftest.c >&5
configure:19835: $? = 0
configure:19849: result: yes
configure:19853: checking sys/utsname.h presence
configure:19868: gcc -E  conftest.c
configure:19874: $? = 0
configure:19888: result: yes
configure:19921: checking for sys/utsname.h
configure:19929: result: yes
configure:19802: checking for unistd.h
configure:19808: result: yes
configure:19812: checking windows.h usability
configure:19829: gcc -c -g -O2  conftest.c >&5
conftest.c:57:21: fatal error: windows.h: No such file or directory
 #include <windows.h>
                     ^
compilation terminated.
configure:19835: $? = 1
configure: failed program was:
| /* confdefs.h.  */
| #define PACKAGE_NAME "TestU01"
| #define PACKAGE_TARNAME "testu01"
| #define PACKAGE_VERSION "1.2.3"
| #define PACKAGE_STRING "TestU01 1.2.3"
| #define PACKAGE_BUGREPORT "lecuyer@iro.umontreal.ca"
| #define PACKAGE "testu01"
| #define VERSION "1.2.3"
| #define STDC_HEADERS 1
| #define HAVE_SYS_TYPES_H 1
| #define HAVE_SYS_STAT_H 1
| #define HAVE_STDLIB_H 1
| #define HAVE_STRING_H 1
| #define HAVE_MEMORY_H 1
| #define HAVE_STRINGS_H 1
| #define HAVE_INTTYPES_H 1
| #define HAVE_STDINT_H 1
| #define HAVE_UNISTD_H 1
| #define HAVE_DLFCN_H 1
| #define STDC_HEADERS 1
| #define HAVE_SYS_UTSNAME_H 1
| #define HAVE_UNISTD_H 1
| /* end confdefs.h.  */
| #include <stdio.h>
| #ifdef HAVE_SYS_TYPES_H
| # include <sys/types.h>
| #endif
| #ifdef HAVE_SYS_STAT_H
| # include <sys/stat.h>
| #endif
| #ifdef STDC_HEADERS
| # include <stdlib.h>
| # include <stddef.h>
| #else
| # ifdef HAVE_STDLIB_H
| #  include <stdlib.h>
| # endif
| #endif
| #ifdef HAVE_STRING_H
| # if !defined STDC_HEADERS && defined HAVE_MEMORY_H
| #  include <memory.h>
| # endif
| # include <string.h>
| #endif
| #ifdef HAVE_STRINGS_H
| # include <strings.h>
| #endif
| #ifdef HAVE_INTTYPES_H
| # include <inttypes.h>
| #endif
| #ifdef HAVE_STDINT_H
| # include <stdint.h>
| #endif
| #ifdef HAVE_UNISTD_H
| # include <unistd.h>
| #endif
| #include <windows.h>
configure:19849: result: no
configure:19853: checking windows.h presence
configure:19868: gcc -E  conftest.c
conftest.c:24:21: fatal error: windows.h: No such file or directory
 #include <windows.h>
                     ^
compilation terminated.
configure:19874: $? = 1
configure: failed program was:
| /* confdefs.h.  */
| #define PACKAGE_NAME "TestU01"
| #define PACKAGE_TARNAME "testu01"
| #define PACKAGE_VERSION "1.2.3"
| #define PACKAGE_STRING "TestU01 1.2.3"
| #define PACKAGE_BUGREPORT "lecuyer@iro.umontreal.ca"
| #define PACKAGE "testu01"
| #define VERSION "1.2.3"
| #define STDC_HEADERS 1
| #define HAVE_SYS_TYPES_H 1
| #define HAVE_SYS_STAT_H 1
| #define HAVE_STDLIB_H 1
| #define HAVE_STRING_H 1
| #define HAVE_MEMORY_H 1
| #define HAVE_STRINGS_H 1
| #define HAVE_INTTYPES_H 1
| #define HAVE_STDINT_H 1
| #define HAVE_UNISTD_H 1
| #define HAVE_DLFCN_H 1
| #define STDC_HEADERS 1
| #define HAVE_SYS_UTSNAME_H 1
| #define HAVE_UNISTD_H 1
| /* end confdefs.h.  */
| #include <windows.h>
configure:19888: result: no
configure:19921: checking for windows.h
configure:19929: result: no
configure:19812: checking gmp.h usability
configure:19829: gcc -c -g -O2  conftest.c >&5
conftest.c:57:17: fatal error: gmp.h: No such file or directory
 #include <gmp.h>
                 ^
compilation terminated.
configure:19835: $? = 1
configure: failed program was:
| /* confdefs.h.  */
| #define PACKAGE_NAME "TestU01"
| #define PACKAGE_TARNAME "testu01"
| #define PACKAGE_VERSION "1.2.3"
| #define PACKAGE_STRING "TestU01 1.2.3"
| #define PACKAGE_BUGREPORT "lecuyer@iro.umontreal.ca"
| #define PACKAGE "testu01"
| #define VERSION "1.2.3"
| #define STDC_HEADERS 1
| #define HAVE_SYS_TYPES_H 1
| #define HAVE_SYS_STAT_H 1
| #define HAVE_STDLIB_H 1
| #define HAVE_STRING_H 1
| #define HAVE_MEMORY_H 1
| #define HAVE_STRINGS_H 1
| #define HAVE_INTTYPES_H 1
| #define HAVE_STDINT_H 1
| #define HAVE_UNISTD_H 1
| #define HAVE_DLFCN_H 1
| #define STDC_HEADERS 1
| #define HAVE_SYS_UTSNAME_H 1
| #define HAVE_UNISTD_H 1
| /* end confdefs.h.  */
| #include <stdio.h>
| #ifdef HAVE_SYS_TYPES_H
| # include <sys/types.h>
| #endif
| #ifdef HAVE_SYS_STAT_H
| # include <sys/stat.h>
| #endif
| #ifdef STDC_HEADERS
| # include <stdlib.h>
| # include <stddef.h>
| #else
| # ifdef HAVE_STDLIB_H
| #  include <stdlib.h>
| # endif
| #endif
| #ifdef HAVE_STRING_H
| # if !defined STDC_HEADERS && defined HAVE_MEMORY_H
| #  include <memory.h>
| # endif
| # include <string.h>
| #endif
| #ifdef HAVE_STRINGS_H
| # include <strings.h>
| #endif
| #ifdef HAVE_INTTYPES_H
| # include <inttypes.h>
| #endif
| #ifdef HAVE_STDINT_H
| # include <stdint.h>
| #endif
| #ifdef HAVE_UNISTD_H
| # include <unistd.h>
| #endif
| #include <gmp.h>
configure:19849: result: no
configure:19853: checking gmp.h presence
configure:19868: gcc -E  conftest.c
conftest.c:24:17: fatal error: gmp.h: No such file or directory
 #include <gmp.h>
                 ^
compilation terminated.
configure:19874: $? = 1
configure: failed program was:
| /* confdefs.h.  */
| #define PACKAGE_NAME "TestU01"
| #define PACKAGE_TARNAME "testu01"
| #define PACKAGE_VERSION "1.2.3"
| #define PACKAGE_STRING "TestU01 1.2.3"
| #define PACKAGE_BUGREPORT "lecuyer@iro.umontreal.ca"
| #define PACKAGE "testu01"
| #define VERSION "1.2.3"
| #define STDC_HEADERS 1
| #define HAVE_SYS_TYPES_H 1
| #define HAVE_SYS_STAT_H 1
| #define HAVE_STDLIB_H 1
| #define HAVE_STRING_H 1
| #define HAVE_MEMORY_H 1
| #define HAVE_STRINGS_H 1
| #define HAVE_INTTYPES_H 1
| #define HAVE_STDINT_H 1
| #define HAVE_UNISTD_H 1
| #define HAVE_DLFCN_H 1
| #define STDC_HEADERS 1
| #define HAVE_SYS_UTSNAME_H 1
| #define HAVE_UNISTD_H 1
| /* end confdefs.h.  */
| #include <gmp.h>
configure:19888: result: no
configure:19921: checking for gmp.h
configure:19929: result: no
configure:19802: checking for stdint.h
configure:19808: result: yes
configure:19944: checking for an ANSI C-conforming const
configure:20019: gcc -c -g -O2  conftest.c >&5
configure:20025: $? = 0
configure:20040: result: yes
configure:20050: checking for size_t
configure:20080: gcc -c -g -O2  conftest.c >&5
configure:20086: $? = 0
configure:20101: result: yes
configure:20113: checking whether byte ordering is bigendian
configure:20146: gcc -c -g -O2  conftest.c >&5
configure:20152: $? = 0
configure:20184: gcc -c -g -O2  conftest.c >&5
conftest.c: In function 'main':
conftest.c:32:2: error: unknown type name 'not'
  not big endian
  ^~~
conftest.c:32:10: error: expected '=', ',', ';', 'asm' or '__attribute__' before 'endian'
  not big endian
          ^~~~~~
configure:20190: $? = 1
configure: failed program was:
| /* confdefs.h.  */
| #define PACKAGE_NAME "TestU01"
| #define PACKAGE_TARNAME "testu01"
| #define PACKAGE_VERSION "1.2.3"
| #define PACKAGE_STRING "TestU01 1.2.3"
| #define PACKAGE_BUGREPORT "lecuyer@iro.umontreal.ca"
| #define PACKAGE "testu01"
| #define VERSION "1.2.3"
| #define STDC_HEADERS 1
| #define HAVE_SYS_TYPES_H 1
| #define HAVE_SYS_STAT_H 1
| #define HAVE_STDLIB_H 1
| #define HAVE_STRING_H 1
| #define HAVE_MEMORY_H 1
| #define HAVE_STRINGS_H 1
| #define HAVE_INTTYPES_H 1
| #define HAVE_STDINT_H 1
| #define HAVE_UNISTD_H 1
| #define HAVE_DLFCN_H 1
| #define STDC_HEADERS 1
| #define HAVE_SYS_UTSNAME_H 1
| #define HAVE_UNISTD_H 1
| #define HAVE_STDINT_H 1
| /* end confdefs.h.  */
| #include <sys/types.h>
| #include <sys/param.h>
| 
| int
| main ()
| {
| #if BYTE_ORDER != BIG_ENDIAN
|  not big endian
| #endif
| 
|   ;
|   return 0;
| }
configure:20330: result: no
configure:20349: checking for long long
configure:20379: gcc -c -g -O2  conftest.c >&5
configure:20385: $? = 0
configure:20400: result: yes
configure:20410: checking for uint32_t
configure:20440: gcc -c -g -O2  conftest.c >&5
configure:20446: $? = 0
configure:20461: result: yes
configure:20471: checking for uint8_t
configure:20501: gcc -c -g -O2  conftest.c >&5
configure:20507: $? = 0
configure:20522: result: yes
configure:20545: checking for random
configure:20601: gcc -o conftest -g -O2   conftest.c -lm  >&5
configure:20607: $? = 0
configure:20625: result: yes
configure:20545: checking for erf
configure:20601: gcc -o conftest -g -O2   conftest.c -lm  >&5
conftest.c:52:6: warning: conflicting types for built-in function 'erf'
 char erf ();
      ^~~
configure:20607: $? = 0
configure:20625: result: yes
configure:20545: checking for lgamma
configure:20601: gcc -o conftest -g -O2   conftest.c -lm  >&5
conftest.c:53:6: warning: conflicting types for built-in function 'lgamma'
 char lgamma ();
      ^~~~~~
configure:20607: $? = 0
configure:20625: result: yes
configure:20545: checking for log1p
configure:20601: gcc -o conftest -g -O2   conftest.c -lm  >&5
conftest.c:54:6: warning: conflicting types for built-in function 'log1p'
 char log1p ();
      ^~~~~
configure:20607: $? = 0
configure:20625: result: yes
configure:20760: creating ./config.status

## ---------------- ##
## Cache variables. ##
## ---------------- ##

ac_cv_build=x86_64-unknown-linux-gnu
ac_cv_c_bigendian=no
ac_cv_c_compiler_gnu=yes
ac_cv_c_const=yes
ac_cv_cxx_compiler_gnu=yes
ac_cv_env_CCC_set=
ac_cv_env_CCC_value=
ac_cv_env_CC_set=
ac_cv_env_CC_value=
ac_cv_env_CFLAGS_set=
ac_cv_env_CFLAGS_value=
ac_cv_env_CPPFLAGS_set=
ac_cv_env_CPPFLAGS_value=
ac_cv_env_CPP_set=
ac_cv_env_CPP_value=
ac_cv_env_CXXCPP_set=
ac_cv_env_CXXCPP_value=
ac_cv_env_CXXFLAGS_set=
ac_cv_env_CXXFLAGS_value=
ac_cv_env_CXX_set=
ac_cv_env_CXX_value=
ac_cv_env_F77_set=
ac_cv_env_F77_value=
ac_cv_env_FFLAGS_set=
ac_cv_env_FFLAGS_value=
ac_cv_env_LDFLAGS_set=
ac_cv_env_LDFLAGS_value=
ac_cv_env_LIBS_set=
ac_cv_env_LIBS_value=
ac_cv_env_build_alias_set=
ac_cv_env_build_alias_value=
ac_cv_env_host_alias_set=
ac_cv_env_host_alias_value=
ac_cv_env_target_alias_set=
ac_cv_env_target_alias_value=
ac_cv_f77_compiler_gnu=no
ac_cv_func_erf=yes
ac_cv_func_lgamma=yes
ac_cv_func_log1p=yes
ac_cv_func_random=yes
ac_cv_header_dlfcn_h=yes
ac_cv_header_gmp_h=no
ac_cv_header_inttypes_h=yes
ac_cv_header_memory_h=yes
ac_cv_header_stdc=yes
ac_cv_header_stdint_h=yes
ac_cv_header_stdlib_h=yes
ac_cv_header_string_h=yes
ac_cv_header_strings_h=yes
ac_cv_header_sys_stat_h=yes
ac_cv_header_sys_types_h=yes
ac_cv_header_sys_utsname_h=yes
ac_cv_header_unistd_h=yes
ac_cv_header_windows_h=no
ac_cv_host=x86_64-unknown-linux-gnu
ac_cv_lib_m_cos=yes
ac_cv_objext=o
ac_cv_path_EGREP='/bin/grep -E'
ac_cv_path_GREP=/bin/grep
ac_cv_path_install='/usr/bin/install -c'
ac_cv_path_mkdir=/bin/mkdir
ac_cv_prog_AWK=mawk
ac_cv_prog_CPP='gcc -E'
ac_cv_prog_CXXCPP='g++ -E'
ac_cv_prog_ac_ct_AR=ar
ac_cv_prog_ac_ct_CC=gcc
ac_cv_prog_ac_ct_CXX=g++
ac_cv_prog_ac_ct_RANLIB=ranlib
ac_cv_prog_ac_ct_STRIP=strip
ac_cv_prog_cc_c89=
ac_cv_prog_cc_g=yes
ac_cv_prog_cxx_g=yes
ac_cv_prog_f77_g=no
ac_cv_prog_have_mathematica=no
ac_cv_prog_make_make_set=yes
ac_cv_type_long_long=yes
ac_cv_type_size_t=yes
ac_cv_type_uint32_t=yes
ac_cv_type_uint8_t=yes
am_cv_CC_dependencies_compiler_type=gcc3
am_cv_CXX_dependencies_compiler_type=gcc3
lt_cv_deplibs_check_method=pass_all
lt_cv_file_magic_cmd='$MAGIC_CMD'
lt_cv_file_magic_test_file=
lt_cv_ld_reload_flag=-r
lt_cv_objdir=.libs
lt_cv_path_LD=/usr/bin/ld
lt_cv_path_LDCXX='/usr/bin/ld -m elf_x86_64'
lt_cv_path_NM='/usr/bin/nm -B'
lt_cv_path_SED=/bin/sed
lt_cv_prog_compiler_c_o=yes
lt_cv_prog_compiler_c_o_CXX=yes
lt_cv_prog_compiler_rtti_exceptions=no
lt_cv_prog_gnu_ld=yes
lt_cv_prog_gnu_ldcxx=yes
lt_cv_sys_global_symbol_pipe='sed -n -e '\''s/^.*[ 	]\([ABCDGIRSTW][ABCDGIRSTW]*\)[ 	][ 	]*\([_A-Za-z][_A-Za-z0-9]*\)$/\1 \2 \2/p'\'''
lt_cv_sys_global_symbol_to_c_name_address='sed -n -e '\''s/^: \([^ ]*\) $/  {\"\1\", (lt_ptr) 0},/p'\'' -e '\''s/^[BCDEGRST] \([^ ]*\) \([^ ]*\)$/  {"\2", (lt_ptr) \&\2},/p'\'''
lt_cv_sys_global_symbol_to_cdecl='sed -n -e '\''s/^. .* \(.*\)$/extern int \1;/p'\'''
lt_cv_sys_max_cmd_len=32768
lt_lt_cv_prog_compiler_c_o='"yes"'
lt_lt_cv_prog_compiler_c_o_CXX='"yes"'
lt_lt_cv_sys_global_symbol_pipe='"sed -n -e '\''s/^.*[ 	]\\([ABCDGIRSTW][ABCDGIRSTW]*\\)[ 	][ 	]*\\([_A-Za-z][_A-Za-z0-9]*\\)\$/\\1 \\2 \\2/p'\''"'
lt_lt_cv_sys_global_symbol_to_c_name_address='"sed -n -e '\''s/^: \\([^ ]*\\) \$/  {\\\"\\1\\\", (lt_ptr) 0},/p'\'' -e '\''s/^[BCDEGRST] \\([^ ]*\\) \\([^ ]*\\)\$/  {\"\\2\", (lt_ptr) \\&\\2},/p'\''"'
lt_lt_cv_sys_global_symbol_to_cdecl='"sed -n -e '\''s/^. .* \\(.*\\)\$/extern int \\1;/p'\''"'

## ----------------- ##
## Output variables. ##
## ----------------- ##

ACLOCAL='${SHELL} /home/mw223/Desktop/apprng/APPRNG/stats_tests/TestU01-1.2.3/missing --run aclocal-1.10'
AMDEPBACKSLASH='\'
AMDEP_FALSE='#'
AMDEP_TRUE=''
AMTAR='${SHELL} /home/mw223/Desktop/apprng/APPRNG/stats_tests/TestU01-1.2.3/missing --run tar'
AR='ar'
AUTOCONF='${SHELL} /home/mw223/Desktop/apprng/APPRNG/stats_tests/TestU01-1.2.3/missing --run autoconf'
AUTOHEADER='${SHELL} /home/mw223/Desktop/apprng/APPRNG/stats_tests/TestU01-1.2.3/missing --run autoheader'
AUTOMAKE='${SHELL} /home/mw223/Desktop/apprng/APPRNG/stats_tests/TestU01-1.2.3/missing --run automake-1.10'
AWK='mawk'
CC='gcc'
CCDEPMODE='depmode=gcc3'
CFLAGS='-g -O2'
CPP='gcc -E'
CPPFLAGS=''
CXX='g++'
CXXCPP='g++ -E'
CXXDEPMODE='depmode=gcc3'
CXXFLAGS='-g -O2'
CYGPATH_W='echo'
DEFS='-DHAVE_CONFIG_H'
DEPDIR='.deps'
ECHO='echo'
ECHO_C=''
ECHO_N='-n'
ECHO_T=''
EGREP='/bin/grep -E'
EXEEXT=''
F77=''
FFLAGS=''
GREP='/bin/grep'
INSTALL_DATA='${INSTALL} -m 644'
INSTALL_PROGRAM='${INSTALL}'
INSTALL_SCRIPT='${INSTALL}'
INSTALL_STRIP_PROGRAM='$(install_sh) -c -s'
LDFLAGS=''
LIBM='-lm'
LIBOBJS=''
LIBS='-lm '
LIBTOOL='$(SHELL) $(top_builddir)/libtool'
LN_S='ln -s'
LTLIBOBJS=''
MAKEINFO='${SHELL} /home/mw223/Desktop/apprng/APPRNG/stats_tests/TestU01-1.2.3/missing --run makeinfo'
OBJEXT='o'
PACKAGE='testu01'
PACKAGE_BUGREPORT='lecuyer@iro.umontreal.ca'
PACKAGE_NAME='TestU01'
PACKAGE_STRING='TestU01 1.2.3'
PACKAGE_TARNAME='testu01'
PACKAGE_VERSION='1.2.3'
PATH_SEPARATOR=':'
RANLIB='ranlib'
SED='/bin/sed'
SET_MAKE=''
SHELL='/bin/bash'
STRIP='strip'
VERSION='1.2.3'
ac_ct_CC='gcc'
ac_ct_CXX='g++'
ac_ct_F77=''
am__fastdepCC_FALSE='#'
am__fastdepCC_TRUE=''
am__fastdepCXX_FALSE='#'
am__fastdepCXX_TRUE=''
am__include='include'
am__isrc=''
am__leading_dot='.'
am__quote=''
am__tar='${AMTAR} chof - "$$tardir"'
am__untar='${AMTAR} xf -'
bindir='${exec_prefix}/bin'
build='x86_64-unknown-linux-gnu'
build_alias=''
build_cpu='x86_64'
build_os='linux-gnu'
build_vendor='unknown'
datadir='${datarootdir}'
datarootdir='${prefix}/share'
docdir='${datarootdir}/doc/${PACKAGE_TARNAME}'
dvidir='${docdir}'
exec_prefix='${prefix}'
have_mathematica='no'
host='x86_64-unknown-linux-gnu'
host_alias=''
host_cpu='x86_64'
host_os='linux-gnu'
host_vendor='unknown'
htmldir='${docdir}'
includedir='${prefix}/include'
infodir='${datarootdir}/info'
install_sh='$(SHELL) /home/mw223/Desktop/apprng/APPRNG/stats_tests/TestU01-1.2.3/install-sh'
libdir='${exec_prefix}/lib'
libexecdir='${exec_prefix}/libexec'
localedir='${datarootdir}/locale'
localstatedir='${prefix}/var'
mandir='${datarootdir}/man'
mkdir_p='/bin/mkdir -p'
oldincludedir='/usr/include'
pdfdir='${docdir}'
prefix='/home/mw223/Desktop/apprng/APPRNG/stats_tests/TestU01-1.2.3/build'
program_transform_name='s,x,x,'
psdir='${docdir}'
sbindir='${exec_prefix}/sbin'
sharedstatedir='${prefix}/com'
sysconfdir='${prefix}/etc'
target_alias=''

## ----------- ##
## confdefs.h. ##
## ----------- ##

#define PACKAGE_NAME "TestU01"
#define PACKAGE_TARNAME "testu01"
#define PACKAGE_VERSION "1.2.3"
#define PACKAGE_STRING "TestU01 1.2.3"
#define PACKAGE_BUGREPORT "lecuyer@iro.umontreal.ca"
#define PACKAGE "testu01"
#define VERSION "1.2.3"
#define STDC_HEADERS 1
#define HAVE_SYS_TYPES_H 1
#define HAVE_SYS_STAT_H 1
#define HAVE_STDLIB_H 1
#define HAVE_STRING_H 1
#define HAVE_MEMORY_H 1
#define HAVE_STRINGS_H 1
#define HAVE_INTTYPES_H 1
#define HAVE_STDINT_H 1
#define HAVE_UNISTD_H 1
#define HAVE_DLFCN_H 1
#define STDC_HEADERS 1
#define HAVE_SYS_UTSNAME_H 1
#define HAVE_UNISTD_H 1
#define HAVE_STDINT_H 1
#define HAVE_LONG_LONG 1
#define HAVE_UINT32_T 1
#define HAVE_UINT8_T 1
#define HAVE_RANDOM 1
#define HAVE_ERF 1
#define HAVE_LGAMMA 1
#define HAVE_LOG1P 1

configure: exit 0

## ---------------------- ##
## Running config.status. ##
## ---------------------- ##

This file was extended by TestU01 config.status 1.2.3, which was
generated by GNU Autoconf 2.61.  Invocation command line was

  CONFIG_FILES    = 
  CONFIG_HEADERS  = 
  CONFIG_LINKS    = 
  CONFIG_COMMANDS = 
  $ ./config.status 

on mw223-MacBookPro

config.status:672: creating Makefile
config.status:672: creating include/Makefile
config.status:672: creating mylib/Makefile
config.status:672: creating probdist/Makefile
config.status:672: creating testu01/Makefile
config.status:672: creating examples/Makefile
config.status:672: creating doc/Makefile
config.status:672: creating param/Makefile
config.status:672: creating include/config.h
config.status:910: include/config.h is unchanged
config.status:672: creating include/gdefconf.h
config.status:910: include/gdefconf.h is unchanged
config.status:956: executing depfiles commands

## ---------------------- ##
## Running config.status. ##
## ---------------------- ##

This file was extended by TestU01 config.status 1.2.3, which was
generated by GNU Autoconf 2.61.  Invocation command line was

  CONFIG_FILES    = 
  CONFIG_HEADERS  = 
  CONFIG_LINKS    = 
  CONFIG_COMMANDS = 
  $ ./config.status include/config.h

on mw223-MacBookPro

config.status:672: creating include/config.h
config.status:910: include/config.h is unchanged
